<?xml version="1.0" encoding="UTF-8"?>
<!-- Generated by org.testng.reporters.JUnitReportReporter -->
<testsuite hostname="DESKTOP-7S7LCUO" failures="0" tests="1" name="com.qafox.tests.HomeTest" time="0.128" errors="0" timestamp="2024-11-27T10:51:16 IST" skipped="0">
  <testcase classname="com.qafox.tests.HomeTest" name="test1" time="0.128"/>
</testsuite> <!-- com.qafox.tests.HomeTest -->
